<?xml version="1.0" encoding="UTF-8"?>
<testsuite name="frontend.ExampleFrontendTest" tests="1" skipped="0" failures="0" errors="0" timestamp="2023-12-20T11:17:43" hostname="KRZYSIEKD" time="8.894">
  <properties/>
  <testcase name="goToSupportPage" classname="frontend.ExampleFrontendTest" time="8.894"/>
  <system-out><![CDATA[]]></system-out>
  <system-err><![CDATA[Starting ChromeDriver 120.0.6099.109 (3419140ab665596f21b385ce136419fde0924272-refs/branch-heads/6099@{#1483}) on port 46245
Only local connections are allowed.
Please see https://chromedriver.chromium.org/security-considerations for suggestions on keeping ChromeDriver safe.
ChromeDriver was started successfully.
Dec 20, 2023 12:17:43 PM org.openqa.selenium.remote.ProtocolHandshake createSession
INFO: Detected dialect: W3C
]]></system-err>
</testsuite>
