<?xml version="1.0" encoding="UTF-8"?>
<!-- Generated by org.testng.reporters.JUnitReportReporter -->
<testsuite hostname="KrzysiekD" failures="0" tests="1" name="backend.ExampleBackendTests" time="1.807" errors="0" timestamp="2023-12-20T11:03:06 CET" skipped="0">
  <testcase classname="backend.ExampleBackendTests" name="registerUser" time="1.807"/>
  <system-out/>
</testsuite> <!-- backend.ExampleBackendTests -->
