<?xml version="1.0" encoding="UTF-8"?>
<!-- Generated by org.testng.reporters.JUnitReportReporter -->
<testsuite hostname="KrzysiekD" failures="0" tests="1" name="frontend.ExampleFrontendTest" time="8.894" errors="0" timestamp="2023-12-20T12:17:53 CET" skipped="0">
  <testcase classname="frontend.ExampleFrontendTest" name="goToSupportPage" time="8.894"/>
  <system-out/>
</testsuite> <!-- frontend.ExampleFrontendTest -->
